[0.066s] Invoking command in '/home/lisior/Workspaces/racoonbot_ws/build/racoonbot_pkg': /usr/bin/cmake --build /home/lisior/Workspaces/racoonbot_ws/build/racoonbot_pkg -- -j2 -l2
[0.282s] -- Found ament_cmake: 1.3.8 (/opt/ros/humble/share/ament_cmake/cmake)
[0.886s] Traceback (most recent call last):
[0.887s]   File "/opt/ros/humble/share/ament_cmake_core/cmake/package_templates/templates_2_cmake.py", line 21, in <module>
[0.892s]     from ament_package.templates import get_environment_hook_template_path
[0.894s] ModuleNotFoundError: No module named 'ament_package'
[0.922s] [31mCMake Error at /opt/ros/humble/share/ament_cmake_core/cmake/ament_cmake_package_templates-extras.cmake:41 (message):
[0.923s]   execute_process(/usr/bin/python3
[0.923s]   /opt/ros/humble/share/ament_cmake_core/cmake/package_templates/templates_2_cmake.py
[0.923s]   /home/lisior/Workspaces/racoonbot_ws/build/racoonbot_pkg/ament_cmake_package_templates/templates.cmake)
[0.923s]   returned error code 1
[0.924s] Call Stack (most recent call first):
[0.924s]   /opt/ros/humble/share/ament_cmake_core/cmake/ament_cmake_coreConfig.cmake:41 (include)
[0.924s]   /opt/ros/humble/share/ament_cmake/cmake/ament_cmake_export_dependencies-extras.cmake:15 (find_package)
[0.924s]   /opt/ros/humble/share/ament_cmake/cmake/ament_cmakeConfig.cmake:41 (include)
[0.926s]   CMakeLists.txt:17 (find_package)
[0.926s] 
[0.926s] [0m
[0.927s] -- Configuring incomplete, errors occurred!
[0.927s] See also "/home/lisior/Workspaces/racoonbot_ws/build/racoonbot_pkg/CMakeFiles/CMakeOutput.log".
[0.946s] gmake: *** [Makefile:267: cmake_check_build_system] Error 1
[0.948s] Invoked command in '/home/lisior/Workspaces/racoonbot_ws/build/racoonbot_pkg' returned '2': /usr/bin/cmake --build /home/lisior/Workspaces/racoonbot_ws/build/racoonbot_pkg -- -j2 -l2
