[0.109s] Invoking command in '/home/lisior/Workspaces/racoonbot_ws/build/racoonbot_pkg': /usr/bin/cmake --build /home/lisior/Workspaces/racoonbot_ws/build/racoonbot_pkg -- -j2 -l2
[0.321s] -- Found ament_cmake: 1.3.8 (/opt/ros/humble/share/ament_cmake/cmake)
[0.959s] Traceback (most recent call last):
[0.960s]   File "/opt/ros/humble/share/ament_cmake_core/cmake/package_templates/templates_2_cmake.py", line 21, in <module>
[0.960s]     from ament_package.templates import get_environment_hook_template_path
[0.960s] ModuleNotFoundError: No module named 'ament_package'
[0.988s] [31mCMake Error at /opt/ros/humble/share/ament_cmake_core/cmake/ament_cmake_package_templates-extras.cmake:41 (message):
[0.988s]   execute_process(/usr/bin/python3
[0.990s]   /opt/ros/humble/share/ament_cmake_core/cmake/package_templates/templates_2_cmake.py
[0.990s]   /home/lisior/Workspaces/racoonbot_ws/build/racoonbot_pkg/ament_cmake_package_templates/templates.cmake)
[0.995s]   returned error code 1
[0.995s] Call Stack (most recent call first):
[0.996s]   /opt/ros/humble/share/ament_cmake_core/cmake/ament_cmake_coreConfig.cmake:41 (include)
[0.996s]   /opt/ros/humble/share/ament_cmake/cmake/ament_cmake_export_dependencies-extras.cmake:15 (find_package)
[0.996s]   /opt/ros/humble/share/ament_cmake/cmake/ament_cmakeConfig.cmake:41 (include)
[0.998s]   CMakeLists.txt:17 (find_package)
[0.998s] 
[0.999s] [0m
[0.999s] -- Configuring incomplete, errors occurred!
[0.999s] See also "/home/lisior/Workspaces/racoonbot_ws/build/racoonbot_pkg/CMakeFiles/CMakeOutput.log".
[1.013s] gmake: *** [Makefile:267: cmake_check_build_system] Error 1
[1.026s] Invoked command in '/home/lisior/Workspaces/racoonbot_ws/build/racoonbot_pkg' returned '2': /usr/bin/cmake --build /home/lisior/Workspaces/racoonbot_ws/build/racoonbot_pkg -- -j2 -l2
