[0.068s] Invoking command in '/home/lisior/Workspaces/racoonbot_ws/build/racoonbot_pkg': /usr/bin/cmake --build /home/lisior/Workspaces/racoonbot_ws/build/racoonbot_pkg -- -j2 -l2
[0.252s] -- Found ament_cmake: 1.3.8 (/opt/ros/humble/share/ament_cmake/cmake)
[0.826s] Traceback (most recent call last):
[0.826s]   File "/opt/ros/humble/share/ament_cmake_core/cmake/package_templates/templates_2_cmake.py", line 21, in <module>
[0.828s]     from ament_package.templates import get_environment_hook_template_path
[0.829s] ModuleNotFoundError: No module named 'ament_package'
[0.861s] -- Configuring incomplete, errors occurred!
[0.862s] See also "/home/lisior/Workspaces/racoonbot_ws/build/racoonbot_pkg/CMakeFiles/CMakeOutput.log".
[0.872s] [31mCMake Error at /opt/ros/humble/share/ament_cmake_core/cmake/ament_cmake_package_templates-extras.cmake:41 (message):
[0.872s]   execute_process(/usr/bin/python3
[0.872s]   /opt/ros/humble/share/ament_cmake_core/cmake/package_templates/templates_2_cmake.py
[0.873s]   /home/lisior/Workspaces/racoonbot_ws/build/racoonbot_pkg/ament_cmake_package_templates/templates.cmake)
[0.873s]   returned error code 1
[0.874s] Call Stack (most recent call first):
[0.874s]   /opt/ros/humble/share/ament_cmake_core/cmake/ament_cmake_coreConfig.cmake:41 (include)
[0.874s]   /opt/ros/humble/share/ament_cmake/cmake/ament_cmake_export_dependencies-extras.cmake:15 (find_package)
[0.874s]   /opt/ros/humble/share/ament_cmake/cmake/ament_cmakeConfig.cmake:41 (include)
[0.875s]   CMakeLists.txt:17 (find_package)
[0.875s] 
[0.875s] [0m
[0.882s] gmake: *** [Makefile:267: cmake_check_build_system] Error 1
[0.898s] Invoked command in '/home/lisior/Workspaces/racoonbot_ws/build/racoonbot_pkg' returned '2': /usr/bin/cmake --build /home/lisior/Workspaces/racoonbot_ws/build/racoonbot_pkg -- -j2 -l2
