[0.030s] Invoking command in '/home/lisior/Workspaces/racoonbot_ws/build/racoonbot_pkg': /usr/bin/cmake --build /home/lisior/Workspaces/racoonbot_ws/build/racoonbot_pkg -- -j2 -l2
[0.094s] [35m[1mConsolidate compiler generated dependencies of target racoonbot_pkg[0m
[0.127s] [ 50%] [32mBuilding CXX object CMakeFiles/racoonbot_pkg.dir/hardware/racoonbot_system.cpp.o[0m
[4.007s] In file included from [01m[K/home/lisior/Workspaces/racoonbot_ws/src/racoonbot_pkg/hardware/include/racoonbot_pkg/racoonbot_system.hpp:34[m[K,
[4.007s]                  from [01m[K/home/lisior/Workspaces/racoonbot_ws/src/racoonbot_pkg/hardware/racoonbot_system.cpp:15[m[K:
[4.007s] [01m[K/home/lisior/Workspaces/racoonbot_ws/src/racoonbot_pkg/hardware/include/racoonbot_pkg/racoonbot_control.hpp:[m[K In member function â€˜[01m[Kvoid RacoonBotControl::motor_speed_callback(double, const string&)[m[Kâ€™:
[4.007s] [01m[K/home/lisior/Workspaces/racoonbot_ws/src/racoonbot_pkg/hardware/include/racoonbot_pkg/racoonbot_control.hpp:57:48:[m[K [01;35m[Kwarning: [m[Kunused parameter â€˜[01m[Kduty_c[m[Kâ€™ [[01;35m[K]8;;https://gcc.gnu.org/onlinedocs/gcc/Warning-Options.html#index-Wunused-parameter-Wunused-parameter]8;;[m[K]
[4.007s]    57 |         void motor_speed_callback([01;35m[Kconst double duty_c[m[K, const std::string& source) {
[4.008s]       |                                   [01;35m[K~~~~~~~~~~~~~^~~~~~[m[K
[4.019s] [01m[K/home/lisior/Workspaces/racoonbot_ws/src/racoonbot_pkg/hardware/racoonbot_system.cpp:[m[K In member function â€˜[01m[Kvirtual hardware_interface::CallbackReturn racoonbot_pkg::RacoonBotSystemHardware::on_init(const hardware_interface::HardwareInfo&)[m[Kâ€™:
[4.019s] [01m[K/home/lisior/Workspaces/racoonbot_ws/src/racoonbot_pkg/hardware/racoonbot_system.cpp:61:3:[m[K [01;31m[Kerror: [m[Kâ€˜[01m[Kwheel_l_[m[Kâ€™ was not declared in this scope
[4.019s]    61 |   [01;31m[Kwheel_l_[m[K.setup(cfg_.left_wheel_name, cfg_.enc_counts_per_rev);
[4.020s]       |   [01;31m[K^~~~~~~~[m[K
[4.025s] [01m[K/home/lisior/Workspaces/racoonbot_ws/src/racoonbot_pkg/hardware/racoonbot_system.cpp:62:3:[m[K [01;31m[Kerror: [m[Kâ€˜[01m[Kwheel_r_[m[Kâ€™ was not declared in this scope
[4.025s]    62 |   [01;31m[Kwheel_r_[m[K.setup(cfg_.right_wheel_name, cfg_.enc_counts_per_rev);
[4.025s]       |   [01;31m[K^~~~~~~~[m[K
[4.038s] [01m[K/home/lisior/Workspaces/racoonbot_ws/src/racoonbot_pkg/hardware/racoonbot_system.cpp:[m[K In member function â€˜[01m[Kvirtual std::vector<hardware_interface::StateInterface> racoonbot_pkg::RacoonBotSystemHardware::export_state_interfaces()[m[Kâ€™:
[4.038s] [01m[K/home/lisior/Workspaces/racoonbot_ws/src/racoonbot_pkg/hardware/racoonbot_system.cpp:121:5:[m[K [01;31m[Kerror: [m[Kâ€˜[01m[Kwheel_l_[m[Kâ€™ was not declared in this scope
[4.038s]   121 |     [01;31m[Kwheel_l_[m[K.name, hardware_interface::HW_IF_POSITION, &wheel_l_.pos));
[4.038s]       |     [01;31m[K^~~~~~~~[m[K
[4.045s] [01m[K/home/lisior/Workspaces/racoonbot_ws/src/racoonbot_pkg/hardware/racoonbot_system.cpp:126:5:[m[K [01;31m[Kerror: [m[Kâ€˜[01m[Kwheel_r_[m[Kâ€™ was not declared in this scope
[4.045s]   126 |     [01;31m[Kwheel_r_[m[K.name, hardware_interface::HW_IF_POSITION, &wheel_r_.pos));
[4.045s]       |     [01;31m[K^~~~~~~~[m[K
[4.054s] [01m[K/home/lisior/Workspaces/racoonbot_ws/src/racoonbot_pkg/hardware/racoonbot_system.cpp:[m[K In member function â€˜[01m[Kvirtual std::vector<hardware_interface::CommandInterface> racoonbot_pkg::RacoonBotSystemHardware::export_command_interfaces()[m[Kâ€™:
[4.054s] [01m[K/home/lisior/Workspaces/racoonbot_ws/src/racoonbot_pkg/hardware/racoonbot_system.cpp:138:5:[m[K [01;31m[Kerror: [m[Kâ€˜[01m[Kwheel_l_[m[Kâ€™ was not declared in this scope
[4.054s]   138 |     [01;31m[Kwheel_l_[m[K.name, hardware_interface::HW_IF_VELOCITY, &wheel_l_.cmd));
[4.054s]       |     [01;31m[K^~~~~~~~[m[K
[4.063s] [01m[K/home/lisior/Workspaces/racoonbot_ws/src/racoonbot_pkg/hardware/racoonbot_system.cpp:141:5:[m[K [01;31m[Kerror: [m[Kâ€˜[01m[Kwheel_r_[m[Kâ€™ was not declared in this scope
[4.064s]   141 |     [01;31m[Kwheel_r_[m[K.name, hardware_interface::HW_IF_VELOCITY, &wheel_r_.cmd));
[4.064s]       |     [01;31m[K^~~~~~~~[m[K
[4.069s] [01m[K/home/lisior/Workspaces/racoonbot_ws/src/racoonbot_pkg/hardware/racoonbot_system.cpp:[m[K In member function â€˜[01m[Kvirtual hardware_interface::return_type racoonbot_pkg::RacoonBotSystemHardware::read(const rclcpp::Time&, const rclcpp::Duration&)[m[Kâ€™:
[4.069s] [01m[K/home/lisior/Workspaces/racoonbot_ws/src/racoonbot_pkg/hardware/racoonbot_system.cpp:171:59:[m[K [01;35m[Kwarning: [m[Kunused parameter â€˜[01m[Kperiod[m[Kâ€™ [[01;35m[K]8;;https://gcc.gnu.org/onlinedocs/gcc/Warning-Options.html#index-Wunused-parameter-Wunused-parameter]8;;[m[K]
[4.069s]   171 |   const rclcpp::Time & /*time*/, [01;35m[Kconst rclcpp::Duration & period[m[K)
[4.069s]       |                                  [01;35m[K~~~~~~~~~~~~~~~~~~~~~~~~~^~~~~~[m[K
[4.700s] gmake[2]: *** [CMakeFiles/racoonbot_pkg.dir/build.make:76: CMakeFiles/racoonbot_pkg.dir/hardware/racoonbot_system.cpp.o] Error 1
[4.701s] gmake[1]: *** [CMakeFiles/Makefile2:137: CMakeFiles/racoonbot_pkg.dir/all] Error 2
[4.701s] gmake: *** [Makefile:146: all] Error 2
[4.705s] Invoked command in '/home/lisior/Workspaces/racoonbot_ws/build/racoonbot_pkg' returned '2': /usr/bin/cmake --build /home/lisior/Workspaces/racoonbot_ws/build/racoonbot_pkg -- -j2 -l2
