[0.090s] Invoking command in '/home/lisior/Workspaces/racoonbot_ws/build/racoonbot_pkg': /usr/bin/cmake --build /home/lisior/Workspaces/racoonbot_ws/build/racoonbot_pkg -- -j2 -l2
[0.406s] -- Found ament_cmake: 1.3.8 (/opt/ros/humble/share/ament_cmake/cmake)
[1.014s] Traceback (most recent call last):
[1.014s]   File "/opt/ros/humble/share/ament_cmake_core/cmake/package_templates/templates_2_cmake.py", line 21, in <module>
[1.015s]     from ament_package.templates import get_environment_hook_template_path
[1.015s] ModuleNotFoundError: No module named 'ament_package'
[1.039s] [31mCMake Error at /opt/ros/humble/share/ament_cmake_core/cmake/ament_cmake_package_templates-extras.cmake:41 (message):
[1.039s]   execute_process(/usr/bin/python3
[1.041s]   /opt/ros/humble/share/ament_cmake_core/cmake/package_templates/templates_2_cmake.py
[1.042s]   /home/lisior/Workspaces/racoonbot_ws/build/racoonbot_pkg/ament_cmake_package_templates/templates.cmake)
[1.042s]   returned error code 1
[1.043s] Call Stack (most recent call first):
[1.043s]   /opt/ros/humble/share/ament_cmake_core/cmake/ament_cmake_coreConfig.cmake:41 (include)
[1.044s]   /opt/ros/humble/share/ament_cmake/cmake/ament_cmake_export_dependencies-extras.cmake:15 (find_package)
[1.044s]   /opt/ros/humble/share/ament_cmake/cmake/ament_cmakeConfig.cmake:41 (include)
[1.044s]   CMakeLists.txt:17 (find_package)
[1.045s] 
[1.045s] [0m
[1.051s] -- Configuring incomplete, errors occurred!
[1.052s] See also "/home/lisior/Workspaces/racoonbot_ws/build/racoonbot_pkg/CMakeFiles/CMakeOutput.log".
[1.074s] gmake: *** [Makefile:267: cmake_check_build_system] Error 1
[1.090s] Invoked command in '/home/lisior/Workspaces/racoonbot_ws/build/racoonbot_pkg' returned '2': /usr/bin/cmake --build /home/lisior/Workspaces/racoonbot_ws/build/racoonbot_pkg -- -j2 -l2
