[0.032s] Invoking command in '/home/lisior/Workspaces/racoonbot_ws/build/racoonbot_pkg': /usr/bin/cmake --build /home/lisior/Workspaces/racoonbot_ws/build/racoonbot_pkg -- -j2 -l2
[0.328s] -- Found ament_cmake: 1.3.8 (/opt/ros/humble/share/ament_cmake/cmake)
[0.563s] Traceback (most recent call last):
[0.563s]   File "/opt/ros/humble/share/ament_cmake_core/cmake/package_templates/templates_2_cmake.py", line 21, in <module>
[0.563s]     from ament_package.templates import get_environment_hook_template_path
[0.564s] ModuleNotFoundError: No module named 'ament_package'
[0.575s] [31mCMake Error at /opt/ros/humble/share/ament_cmake_core/cmake/ament_cmake_package_templates-extras.cmake:41 (message):
[0.576s]   execute_process(/usr/bin/python3
[0.576s]   /opt/ros/humble/share/ament_cmake_core/cmake/package_templates/templates_2_cmake.py
[0.576s]   /home/lisior/Workspaces/racoonbot_ws/build/racoonbot_pkg/ament_cmake_package_templates/templates.cmake)
[0.576s]   returned error code 1
[0.576s] Call Stack (most recent call first):
[0.577s]   /opt/ros/humble/share/ament_cmake_core/cmake/ament_cmake_coreConfig.cmake:41 (include)
[0.577s]   /opt/ros/humble/share/ament_cmake/cmake/ament_cmake_export_dependencies-extras.cmake:15 (find_package)
[0.577s]   /opt/ros/humble/share/ament_cmake/cmake/ament_cmakeConfig.cmake:41 (include)
[0.577s]   CMakeLists.txt:17 (find_package)
[0.577s] 
[0.577s] [0m
[0.578s] -- Configuring incomplete, errors occurred!
[0.578s] See also "/home/lisior/Workspaces/racoonbot_ws/build/racoonbot_pkg/CMakeFiles/CMakeOutput.log".
[0.586s] gmake: *** [Makefile:267: cmake_check_build_system] Error 1
[0.590s] Invoked command in '/home/lisior/Workspaces/racoonbot_ws/build/racoonbot_pkg' returned '2': /usr/bin/cmake --build /home/lisior/Workspaces/racoonbot_ws/build/racoonbot_pkg -- -j2 -l2
