[0.178s] DEBUG:colcon:Command line arguments: ['/usr/bin/colcon', 'build', '--symlink-install']
[0.178s] DEBUG:colcon:Parsed command line arguments: Namespace(log_base=None, log_level=None, verb_name='build', build_base='build', install_base='install', merge_install=False, symlink_install=True, test_result_base=None, continue_on_error=False, executor='parallel', parallel_workers=2, event_handlers=None, ignore_user_meta=False, metas=['./colcon.meta'], base_paths=['.'], packages_ignore=None, packages_ignore_regex=None, paths=None, packages_up_to=None, packages_up_to_regex=None, packages_above=None, packages_above_and_dependencies=None, packages_above_depth=None, packages_select_by_dep=None, packages_skip_by_dep=None, packages_skip_up_to=None, packages_select_build_failed=False, packages_skip_build_finished=False, packages_select_test_failures=False, packages_skip_test_passed=False, packages_select=None, packages_skip=None, packages_select_regex=None, packages_skip_regex=None, packages_start=None, packages_end=None, allow_overriding=[], cmake_args=None, cmake_target=None, cmake_target_skip_unavailable=False, cmake_clean_cache=False, cmake_clean_first=False, cmake_force_configure=False, ament_cmake_args=None, catkin_cmake_args=None, catkin_skip_building_tests=False, verb_parser=<colcon_defaults.argument_parser.defaults.DefaultArgumentsDecorator object at 0x739137010b80>, verb_extension=<colcon_core.verb.build.BuildVerb object at 0x739137010700>, main=<bound method BuildVerb.main of <colcon_core.verb.build.BuildVerb object at 0x739137010700>>)
[0.787s] Level 1:colcon.colcon_core.package_discovery:discover_packages(colcon_meta) check parameters
[0.788s] Level 1:colcon.colcon_core.package_discovery:discover_packages(recursive) check parameters
[0.788s] Level 1:colcon.colcon_core.package_discovery:discover_packages(ignore) check parameters
[0.788s] Level 1:colcon.colcon_core.package_discovery:discover_packages(path) check parameters
[0.788s] Level 1:colcon.colcon_core.package_discovery:discover_packages(colcon_meta) discover
[0.788s] Level 1:colcon.colcon_core.package_discovery:discover_packages(recursive) discover
[0.788s] INFO:colcon.colcon_core.package_discovery:Crawling recursively for packages in '/home/lisior/Workspaces/racoonbot_ws'
[0.788s] Level 1:colcon.colcon_core.package_identification:_identify(.) by extensions ['ignore', 'ignore_ament_install']
[0.789s] Level 1:colcon.colcon_core.package_identification:_identify(.) by extension 'ignore'
[0.789s] Level 1:colcon.colcon_core.package_identification:_identify(.) by extension 'ignore_ament_install'
[0.789s] Level 1:colcon.colcon_core.package_identification:_identify(.) by extensions ['colcon_pkg']
[0.789s] Level 1:colcon.colcon_core.package_identification:_identify(.) by extension 'colcon_pkg'
[0.789s] Level 1:colcon.colcon_core.package_identification:_identify(.) by extensions ['colcon_meta']
[0.789s] Level 1:colcon.colcon_core.package_identification:_identify(.) by extension 'colcon_meta'
[0.789s] Level 1:colcon.colcon_core.package_identification:_identify(.) by extensions ['ros']
[0.789s] Level 1:colcon.colcon_core.package_identification:_identify(.) by extension 'ros'
[0.818s] Level 1:colcon.colcon_core.package_identification:_identify(.) by extensions ['cmake', 'python']
[0.819s] Level 1:colcon.colcon_core.package_identification:_identify(.) by extension 'cmake'
[0.819s] Level 1:colcon.colcon_core.package_identification:_identify(.) by extension 'python'
[0.819s] Level 1:colcon.colcon_core.package_identification:_identify(.) by extensions ['python_setup_py']
[0.819s] Level 1:colcon.colcon_core.package_identification:_identify(.) by extension 'python_setup_py'
[0.819s] Level 1:colcon.colcon_core.package_identification:_identify(build) by extensions ['ignore', 'ignore_ament_install']
[0.819s] Level 1:colcon.colcon_core.package_identification:_identify(build) by extension 'ignore'
[0.819s] Level 1:colcon.colcon_core.package_identification:_identify(build) ignored
[0.820s] Level 1:colcon.colcon_core.package_identification:_identify(install) by extensions ['ignore', 'ignore_ament_install']
[0.820s] Level 1:colcon.colcon_core.package_identification:_identify(install) by extension 'ignore'
[0.820s] Level 1:colcon.colcon_core.package_identification:_identify(install) ignored
[0.821s] Level 1:colcon.colcon_core.package_identification:_identify(log) by extensions ['ignore', 'ignore_ament_install']
[0.821s] Level 1:colcon.colcon_core.package_identification:_identify(log) by extension 'ignore'
[0.821s] Level 1:colcon.colcon_core.package_identification:_identify(log) ignored
[0.821s] Level 1:colcon.colcon_core.package_identification:_identify(src) by extensions ['ignore', 'ignore_ament_install']
[0.822s] Level 1:colcon.colcon_core.package_identification:_identify(src) by extension 'ignore'
[0.822s] Level 1:colcon.colcon_core.package_identification:_identify(src) by extension 'ignore_ament_install'
[0.822s] Level 1:colcon.colcon_core.package_identification:_identify(src) by extensions ['colcon_pkg']
[0.822s] Level 1:colcon.colcon_core.package_identification:_identify(src) by extension 'colcon_pkg'
[0.822s] Level 1:colcon.colcon_core.package_identification:_identify(src) by extensions ['colcon_meta']
[0.822s] Level 1:colcon.colcon_core.package_identification:_identify(src) by extension 'colcon_meta'
[0.822s] Level 1:colcon.colcon_core.package_identification:_identify(src) by extensions ['ros']
[0.822s] Level 1:colcon.colcon_core.package_identification:_identify(src) by extension 'ros'
[0.823s] Level 1:colcon.colcon_core.package_identification:_identify(src) by extensions ['cmake', 'python']
[0.823s] Level 1:colcon.colcon_core.package_identification:_identify(src) by extension 'cmake'
[0.823s] Level 1:colcon.colcon_core.package_identification:_identify(src) by extension 'python'
[0.823s] Level 1:colcon.colcon_core.package_identification:_identify(src) by extensions ['python_setup_py']
[0.823s] Level 1:colcon.colcon_core.package_identification:_identify(src) by extension 'python_setup_py'
[0.823s] Level 1:colcon.colcon_core.package_identification:_identify(src/racoonbot_pkg) by extensions ['ignore', 'ignore_ament_install']
[0.823s] Level 1:colcon.colcon_core.package_identification:_identify(src/racoonbot_pkg) by extension 'ignore'
[0.823s] Level 1:colcon.colcon_core.package_identification:_identify(src/racoonbot_pkg) by extension 'ignore_ament_install'
[0.824s] Level 1:colcon.colcon_core.package_identification:_identify(src/racoonbot_pkg) by extensions ['colcon_pkg']
[0.824s] Level 1:colcon.colcon_core.package_identification:_identify(src/racoonbot_pkg) by extension 'colcon_pkg'
[0.824s] Level 1:colcon.colcon_core.package_identification:_identify(src/racoonbot_pkg) by extensions ['colcon_meta']
[0.824s] Level 1:colcon.colcon_core.package_identification:_identify(src/racoonbot_pkg) by extension 'colcon_meta'
[0.824s] Level 1:colcon.colcon_core.package_identification:_identify(src/racoonbot_pkg) by extensions ['ros']
[0.824s] Level 1:colcon.colcon_core.package_identification:_identify(src/racoonbot_pkg) by extension 'ros'
[0.831s] DEBUG:colcon.colcon_core.package_identification:Package 'src/racoonbot_pkg' with type 'ros.ament_cmake' and name 'racoonbot_pkg'
[0.832s] Level 1:colcon.colcon_core.package_discovery:discover_packages(recursive) using defaults
[0.832s] Level 1:colcon.colcon_core.package_discovery:discover_packages(ignore) discover
[0.833s] Level 1:colcon.colcon_core.package_discovery:discover_packages(ignore) using defaults
[0.833s] Level 1:colcon.colcon_core.package_discovery:discover_packages(path) discover
[0.833s] Level 1:colcon.colcon_core.package_discovery:discover_packages(path) using defaults
[0.880s] Level 1:colcon.colcon_core.package_discovery:discover_packages(prefix_path) check parameters
[0.880s] Level 1:colcon.colcon_core.package_discovery:discover_packages(prefix_path) discover
[0.946s] DEBUG:colcon.colcon_installed_package_information.package_discovery:Found 1 installed packages in /home/lisior/Workspaces/racoonbot_ws/install
[0.949s] DEBUG:colcon.colcon_installed_package_information.package_discovery:Found 6 installed packages in /home/lisior/Workspaces/ros2_racoon_ws/install
[0.953s] DEBUG:colcon.colcon_installed_package_information.package_discovery:Found 384 installed packages in /opt/ros/humble
[0.987s] Level 1:colcon.colcon_core.package_discovery:discover_packages(prefix_path) using defaults
[1.241s] Level 5:colcon.colcon_core.verb:set package 'racoonbot_pkg' build argument 'cmake_args' from command line to 'None'
[1.241s] Level 5:colcon.colcon_core.verb:set package 'racoonbot_pkg' build argument 'cmake_target' from command line to 'None'
[1.241s] Level 5:colcon.colcon_core.verb:set package 'racoonbot_pkg' build argument 'cmake_target_skip_unavailable' from command line to 'False'
[1.241s] Level 5:colcon.colcon_core.verb:set package 'racoonbot_pkg' build argument 'cmake_clean_cache' from command line to 'False'
[1.241s] Level 5:colcon.colcon_core.verb:set package 'racoonbot_pkg' build argument 'cmake_clean_first' from command line to 'False'
[1.241s] Level 5:colcon.colcon_core.verb:set package 'racoonbot_pkg' build argument 'cmake_force_configure' from command line to 'False'
[1.241s] Level 5:colcon.colcon_core.verb:set package 'racoonbot_pkg' build argument 'ament_cmake_args' from command line to 'None'
[1.241s] Level 5:colcon.colcon_core.verb:set package 'racoonbot_pkg' build argument 'catkin_cmake_args' from command line to 'None'
[1.241s] Level 5:colcon.colcon_core.verb:set package 'racoonbot_pkg' build argument 'catkin_skip_building_tests' from command line to 'False'
[1.241s] DEBUG:colcon.colcon_core.verb:Building package 'racoonbot_pkg' with the following arguments: {'ament_cmake_args': None, 'build_base': '/home/lisior/Workspaces/racoonbot_ws/build/racoonbot_pkg', 'catkin_cmake_args': None, 'catkin_skip_building_tests': False, 'cmake_args': None, 'cmake_clean_cache': False, 'cmake_clean_first': False, 'cmake_force_configure': False, 'cmake_target': None, 'cmake_target_skip_unavailable': False, 'install_base': '/home/lisior/Workspaces/racoonbot_ws/install/racoonbot_pkg', 'merge_install': False, 'path': '/home/lisior/Workspaces/racoonbot_ws/src/racoonbot_pkg', 'symlink_install': True, 'test_result_base': None}
[1.241s] INFO:colcon.colcon_core.executor:Executing jobs using 'parallel' executor
[1.243s] DEBUG:colcon.colcon_parallel_executor.executor.parallel:run_until_complete
[1.244s] INFO:colcon.colcon_ros.task.ament_cmake.build:Building ROS package in '/home/lisior/Workspaces/racoonbot_ws/src/racoonbot_pkg' with build type 'ament_cmake'
[1.244s] INFO:colcon.colcon_cmake.task.cmake.build:Building CMake package in '/home/lisior/Workspaces/racoonbot_ws/src/racoonbot_pkg'
[1.250s] INFO:colcon.colcon_core.plugin_system:Skipping extension 'colcon_core.shell.bat': Not used on non-Windows systems
[1.251s] INFO:colcon.colcon_core.shell:Skip shell extension 'powershell' for command environment: Not usable outside of PowerShell
[1.251s] DEBUG:colcon.colcon_core.shell:Skip shell extension 'dsv' for command environment
[1.282s] DEBUG:colcon.colcon_core.event_handler.log_command:Invoking command in '/home/lisior/Workspaces/racoonbot_ws/build/racoonbot_pkg': CMAKE_PREFIX_PATH=${CMAKE_PREFIX_PATH}:/opt/ros/humble /usr/bin/cmake --build /home/lisior/Workspaces/racoonbot_ws/build/racoonbot_pkg -- -j2 -l2
[9.596s] DEBUG:colcon.colcon_core.event_handler.log_command:Invoked command in '/home/lisior/Workspaces/racoonbot_ws/build/racoonbot_pkg' returned '0': CMAKE_PREFIX_PATH=${CMAKE_PREFIX_PATH}:/opt/ros/humble /usr/bin/cmake --build /home/lisior/Workspaces/racoonbot_ws/build/racoonbot_pkg -- -j2 -l2
[9.747s] DEBUG:colcon.colcon_core.event_handler.log_command:Invoking command in '/home/lisior/Workspaces/racoonbot_ws/build/racoonbot_pkg': CMAKE_PREFIX_PATH=${CMAKE_PREFIX_PATH}:/opt/ros/humble /usr/bin/cmake --install /home/lisior/Workspaces/racoonbot_ws/build/racoonbot_pkg
[10.060s] DEBUG:colcon.colcon_core.event_handler.log_command:Invoked command in '/home/lisior/Workspaces/racoonbot_ws/build/racoonbot_pkg' returned '1': CMAKE_PREFIX_PATH=${CMAKE_PREFIX_PATH}:/opt/ros/humble /usr/bin/cmake --install /home/lisior/Workspaces/racoonbot_ws/build/racoonbot_pkg
[10.158s] Level 1:colcon.colcon_core.environment:create_environment_scripts_only(racoonbot_pkg)
[10.162s] Level 1:colcon.colcon_core.environment:checking '/home/lisior/Workspaces/racoonbot_ws/install/racoonbot_pkg' for CMake module files
[10.163s] Level 1:colcon.colcon_core.environment:checking '/home/lisior/Workspaces/racoonbot_ws/install/racoonbot_pkg' for CMake config files
[10.164s] Level 1:colcon.colcon_core.shell:create_environment_hook('racoonbot_pkg', 'cmake_prefix_path')
[10.166s] INFO:colcon.colcon_core.shell:Creating environment hook '/home/lisior/Workspaces/racoonbot_ws/install/racoonbot_pkg/share/racoonbot_pkg/hook/cmake_prefix_path.ps1'
[10.209s] ERROR:colcon.colcon_core.shell:Exception in shell extension 'powershell': [Errno 13] Permission denied: '/home/lisior/Workspaces/racoonbot_ws/install/racoonbot_pkg/share/racoonbot_pkg/hook/cmake_prefix_path.ps1'
Traceback (most recent call last):
  File "/usr/lib/python3/dist-packages/colcon_core/shell/__init__.py", line 425, in create_environment_hook
    hook = extension.create_hook_prepend_value(
  File "/usr/lib/python3/dist-packages/colcon_powershell/shell/powershell.py", line 148, in create_hook_prepend_value
    expand_template(
  File "/usr/lib/python3/dist-packages/colcon_core/shell/template/__init__.py", line 54, in expand_template
    with destination_path.open('w') as h:
  File "/usr/lib/python3.10/pathlib.py", line 1119, in open
    return self._accessor.open(self, mode, buffering, encoding, errors,
PermissionError: [Errno 13] Permission denied: '/home/lisior/Workspaces/racoonbot_ws/install/racoonbot_pkg/share/racoonbot_pkg/hook/cmake_prefix_path.ps1'

[10.210s] INFO:colcon.colcon_core.shell:Creating environment descriptor '/home/lisior/Workspaces/racoonbot_ws/install/racoonbot_pkg/share/racoonbot_pkg/hook/cmake_prefix_path.dsv'
[10.215s] ERROR:colcon.colcon_core.shell:Exception in shell extension 'dsv': [Errno 13] Permission denied: '/home/lisior/Workspaces/racoonbot_ws/install/racoonbot_pkg/share/racoonbot_pkg/hook/cmake_prefix_path.dsv'
Traceback (most recent call last):
  File "/usr/lib/python3/dist-packages/colcon_core/shell/__init__.py", line 425, in create_environment_hook
    hook = extension.create_hook_prepend_value(
  File "/usr/lib/python3/dist-packages/colcon_core/shell/dsv.py", line 75, in create_hook_prepend_value
    expand_template(
  File "/usr/lib/python3/dist-packages/colcon_core/shell/template/__init__.py", line 54, in expand_template
    with destination_path.open('w') as h:
  File "/usr/lib/python3.10/pathlib.py", line 1119, in open
    return self._accessor.open(self, mode, buffering, encoding, errors,
PermissionError: [Errno 13] Permission denied: '/home/lisior/Workspaces/racoonbot_ws/install/racoonbot_pkg/share/racoonbot_pkg/hook/cmake_prefix_path.dsv'

[10.217s] INFO:colcon.colcon_core.shell:Creating environment hook '/home/lisior/Workspaces/racoonbot_ws/install/racoonbot_pkg/share/racoonbot_pkg/hook/cmake_prefix_path.sh'
[10.219s] ERROR:colcon.colcon_core.shell:Exception in shell extension 'sh': [Errno 13] Permission denied: '/home/lisior/Workspaces/racoonbot_ws/install/racoonbot_pkg/share/racoonbot_pkg/hook/cmake_prefix_path.sh'
Traceback (most recent call last):
  File "/usr/lib/python3/dist-packages/colcon_core/shell/__init__.py", line 425, in create_environment_hook
    hook = extension.create_hook_prepend_value(
  File "/usr/lib/python3/dist-packages/colcon_core/shell/sh.py", line 127, in create_hook_prepend_value
    expand_template(
  File "/usr/lib/python3/dist-packages/colcon_core/shell/template/__init__.py", line 54, in expand_template
    with destination_path.open('w') as h:
  File "/usr/lib/python3.10/pathlib.py", line 1119, in open
    return self._accessor.open(self, mode, buffering, encoding, errors,
PermissionError: [Errno 13] Permission denied: '/home/lisior/Workspaces/racoonbot_ws/install/racoonbot_pkg/share/racoonbot_pkg/hook/cmake_prefix_path.sh'

[10.221s] ERROR:colcon.colcon_core.environment:Exception in environment extension 'cmake_prefix_path': Could not find a primary shell extension for creating an environment hook
Traceback (most recent call last):
  File "/usr/lib/python3/dist-packages/colcon_core/environment/__init__.py", line 191, in create_environment_hooks
    hooks = extension.create_environment_hooks(prefix_path, pkg_name)
  File "/usr/lib/python3/dist-packages/colcon_cmake/environment/cmake_prefix_path.py", line 28, in create_environment_hooks
    hooks += create_environment_hook(
  File "/usr/lib/python3/dist-packages/colcon_core/shell/__init__.py", line 444, in create_environment_hook
    raise RuntimeError(
RuntimeError: Could not find a primary shell extension for creating an environment hook

[10.223s] Level 1:colcon.colcon_core.environment:checking '/home/lisior/Workspaces/racoonbot_ws/install/racoonbot_pkg/lib'
[10.223s] Level 1:colcon.colcon_core.shell:create_environment_hook('racoonbot_pkg', 'ld_library_path_lib')
[10.223s] INFO:colcon.colcon_core.shell:Creating environment hook '/home/lisior/Workspaces/racoonbot_ws/install/racoonbot_pkg/share/racoonbot_pkg/hook/ld_library_path_lib.ps1'
[10.224s] ERROR:colcon.colcon_core.shell:Exception in shell extension 'powershell': [Errno 13] Permission denied: '/home/lisior/Workspaces/racoonbot_ws/install/racoonbot_pkg/share/racoonbot_pkg/hook/ld_library_path_lib.ps1'
Traceback (most recent call last):
  File "/usr/lib/python3/dist-packages/colcon_core/shell/__init__.py", line 425, in create_environment_hook
    hook = extension.create_hook_prepend_value(
  File "/usr/lib/python3/dist-packages/colcon_powershell/shell/powershell.py", line 148, in create_hook_prepend_value
    expand_template(
  File "/usr/lib/python3/dist-packages/colcon_core/shell/template/__init__.py", line 54, in expand_template
    with destination_path.open('w') as h:
  File "/usr/lib/python3.10/pathlib.py", line 1119, in open
    return self._accessor.open(self, mode, buffering, encoding, errors,
PermissionError: [Errno 13] Permission denied: '/home/lisior/Workspaces/racoonbot_ws/install/racoonbot_pkg/share/racoonbot_pkg/hook/ld_library_path_lib.ps1'

[10.224s] INFO:colcon.colcon_core.shell:Creating environment descriptor '/home/lisior/Workspaces/racoonbot_ws/install/racoonbot_pkg/share/racoonbot_pkg/hook/ld_library_path_lib.dsv'
[10.224s] ERROR:colcon.colcon_core.shell:Exception in shell extension 'dsv': [Errno 13] Permission denied: '/home/lisior/Workspaces/racoonbot_ws/install/racoonbot_pkg/share/racoonbot_pkg/hook/ld_library_path_lib.dsv'
Traceback (most recent call last):
  File "/usr/lib/python3/dist-packages/colcon_core/shell/__init__.py", line 425, in create_environment_hook
    hook = extension.create_hook_prepend_value(
  File "/usr/lib/python3/dist-packages/colcon_core/shell/dsv.py", line 75, in create_hook_prepend_value
    expand_template(
  File "/usr/lib/python3/dist-packages/colcon_core/shell/template/__init__.py", line 54, in expand_template
    with destination_path.open('w') as h:
  File "/usr/lib/python3.10/pathlib.py", line 1119, in open
    return self._accessor.open(self, mode, buffering, encoding, errors,
PermissionError: [Errno 13] Permission denied: '/home/lisior/Workspaces/racoonbot_ws/install/racoonbot_pkg/share/racoonbot_pkg/hook/ld_library_path_lib.dsv'

[10.225s] INFO:colcon.colcon_core.shell:Creating environment hook '/home/lisior/Workspaces/racoonbot_ws/install/racoonbot_pkg/share/racoonbot_pkg/hook/ld_library_path_lib.sh'
[10.225s] ERROR:colcon.colcon_core.shell:Exception in shell extension 'sh': [Errno 13] Permission denied: '/home/lisior/Workspaces/racoonbot_ws/install/racoonbot_pkg/share/racoonbot_pkg/hook/ld_library_path_lib.sh'
Traceback (most recent call last):
  File "/usr/lib/python3/dist-packages/colcon_core/shell/__init__.py", line 425, in create_environment_hook
    hook = extension.create_hook_prepend_value(
  File "/usr/lib/python3/dist-packages/colcon_core/shell/sh.py", line 127, in create_hook_prepend_value
    expand_template(
  File "/usr/lib/python3/dist-packages/colcon_core/shell/template/__init__.py", line 54, in expand_template
    with destination_path.open('w') as h:
  File "/usr/lib/python3.10/pathlib.py", line 1119, in open
    return self._accessor.open(self, mode, buffering, encoding, errors,
PermissionError: [Errno 13] Permission denied: '/home/lisior/Workspaces/racoonbot_ws/install/racoonbot_pkg/share/racoonbot_pkg/hook/ld_library_path_lib.sh'

[10.226s] ERROR:colcon.colcon_core.environment:Exception in environment extension 'library_path': Could not find a primary shell extension for creating an environment hook
Traceback (most recent call last):
  File "/usr/lib/python3/dist-packages/colcon_core/environment/__init__.py", line 191, in create_environment_hooks
    hooks = extension.create_environment_hooks(prefix_path, pkg_name)
  File "/usr/lib/python3/dist-packages/colcon_library_path/environment/library_path.py", line 57, in create_environment_hooks
    environment_hooks += create_environment_hook(
  File "/usr/lib/python3/dist-packages/colcon_core/shell/__init__.py", line 444, in create_environment_hook
    raise RuntimeError(
RuntimeError: Could not find a primary shell extension for creating an environment hook

[10.226s] Level 1:colcon.colcon_core.environment:checking '/home/lisior/Workspaces/racoonbot_ws/install/racoonbot_pkg/bin'
[10.226s] Level 1:colcon.colcon_core.environment:checking '/home/lisior/Workspaces/racoonbot_ws/install/racoonbot_pkg/lib/pkgconfig/racoonbot_pkg.pc'
[10.227s] Level 1:colcon.colcon_core.environment:checking '/home/lisior/Workspaces/racoonbot_ws/install/racoonbot_pkg/lib/python3.10/site-packages'
[10.227s] Level 1:colcon.colcon_core.environment:checking '/home/lisior/Workspaces/racoonbot_ws/install/racoonbot_pkg/bin'
[10.228s] INFO:colcon.colcon_core.shell:Creating package script '/home/lisior/Workspaces/racoonbot_ws/install/racoonbot_pkg/share/racoonbot_pkg/package.ps1'
[10.230s] INFO:colcon.colcon_core.shell:Creating package descriptor '/home/lisior/Workspaces/racoonbot_ws/install/racoonbot_pkg/share/racoonbot_pkg/package.dsv'
[10.231s] INFO:colcon.colcon_core.shell:Creating package script '/home/lisior/Workspaces/racoonbot_ws/install/racoonbot_pkg/share/racoonbot_pkg/package.sh'
[10.233s] INFO:colcon.colcon_core.shell:Creating package script '/home/lisior/Workspaces/racoonbot_ws/install/racoonbot_pkg/share/racoonbot_pkg/package.bash'
[10.234s] INFO:colcon.colcon_core.shell:Creating package script '/home/lisior/Workspaces/racoonbot_ws/install/racoonbot_pkg/share/racoonbot_pkg/package.zsh'
[10.238s] Level 1:colcon.colcon_core.environment:create_file_with_runtime_dependencies(/home/lisior/Workspaces/racoonbot_ws/install/racoonbot_pkg/share/colcon-core/packages/racoonbot_pkg)
[10.250s] DEBUG:colcon.colcon_parallel_executor.executor.parallel:closing loop
[10.250s] DEBUG:colcon.colcon_parallel_executor.executor.parallel:loop closed
[10.251s] DEBUG:colcon.colcon_parallel_executor.executor.parallel:run_until_complete finished with '1'
[10.251s] DEBUG:colcon.colcon_core.event_reactor:joining thread
[10.264s] INFO:colcon.colcon_core.plugin_system:Skipping extension 'colcon_notification.desktop_notification.terminal_notifier': Not used on non-Darwin systems
[10.265s] INFO:colcon.colcon_core.plugin_system:Skipping extension 'colcon_notification.desktop_notification.win32': Not used on non-Windows systems
[10.265s] INFO:colcon.colcon_notification.desktop_notification:Sending desktop notification using 'notify2'
[10.428s] DEBUG:colcon.colcon_core.event_reactor:joined thread
[10.428s] INFO:colcon.colcon_core.shell:Creating prefix script '/home/lisior/Workspaces/racoonbot_ws/install/local_setup.ps1'
[10.430s] INFO:colcon.colcon_core.shell:Creating prefix util module '/home/lisior/Workspaces/racoonbot_ws/install/_local_setup_util_ps1.py'
[10.432s] INFO:colcon.colcon_core.shell:Creating prefix chain script '/home/lisior/Workspaces/racoonbot_ws/install/setup.ps1'
[10.434s] INFO:colcon.colcon_core.shell:Creating prefix script '/home/lisior/Workspaces/racoonbot_ws/install/local_setup.sh'
[10.436s] INFO:colcon.colcon_core.shell:Creating prefix util module '/home/lisior/Workspaces/racoonbot_ws/install/_local_setup_util_sh.py'
[10.437s] INFO:colcon.colcon_core.shell:Creating prefix chain script '/home/lisior/Workspaces/racoonbot_ws/install/setup.sh'
[10.439s] INFO:colcon.colcon_core.shell:Creating prefix script '/home/lisior/Workspaces/racoonbot_ws/install/local_setup.bash'
[10.442s] INFO:colcon.colcon_core.shell:Creating prefix chain script '/home/lisior/Workspaces/racoonbot_ws/install/setup.bash'
[10.444s] INFO:colcon.colcon_core.shell:Creating prefix script '/home/lisior/Workspaces/racoonbot_ws/install/local_setup.zsh'
[10.445s] INFO:colcon.colcon_core.shell:Creating prefix chain script '/home/lisior/Workspaces/racoonbot_ws/install/setup.zsh'
